#
# There is insufficient memory for the Java Runtime Environment to continue.
# Native memory allocation (malloc) failed to allocate 941696 bytes for Chunk::new
# Possible reasons:
#   The system is out of physical RAM or swap space
#   The process is running with CompressedOops enabled, and the Java Heap may be blocking the growth of the native heap
# Possible solutions:
#   Reduce memory load on the system
#   Increase physical memory or swap space
#   Check if swap backing store is full
#   Decrease Java heap size (-Xmx/-Xms)
#   Decrease number of Java threads
#   Decrease Java thread stack sizes (-Xss)
#   Set larger code cache with -XX:ReservedCodeCacheSize=
#   JVM is running with Zero Based Compressed Oops mode in which the Java heap is
#     placed in the first 32GB address space. The Java Heap base address is the
#     maximum limit for the native heap growth. Please use -XX:HeapBaseMinAddress
#     to set the Java Heap base and to place the Java Heap above 32GB virtual address.
# This output file may be truncated or incomplete.
#
#  Out of Memory Error (./open/src/hotspot/share/memory/arena.cpp:197), pid=8260, tid=8576
#
# JRE version: Java(TM) SE Runtime Environment 18.9 (11.0.18+9) (build 11.0.18+9-LTS-195)
# Java VM: Java HotSpot(TM) 64-Bit Server VM 18.9 (11.0.18+9-LTS-195, mixed mode, tiered, compressed oops, g1 gc, windows-amd64)
# No core dump will be written. Minidumps are not enabled by default on client versions of Windows
#

---------------  S U M M A R Y ------------

Command Line: org.jetbrains.kotlin.cli.jvm.K2JVMCompiler @C:\Users\ades\AndroidStudioProjects\Cualivy_Capstone\app\build\20230514_13266196363390804930.compiler.options

Host: AMD A8-7410 APU with AMD Radeon R5 Graphics    , 4 cores, 10G,  Windows 10 , 64 bit Build 19041 (10.0.19041.1202)
Time: Sun May 14 19:08:06 2023 Mountain Daylight Time elapsed time: 30.684470 seconds (0d 0h 0m 30s)

---------------  T H R E A D  ---------------

Current thread (0x000001ed57ba1000):  JavaThread "C2 CompilerThread0" daemon [_thread_in_native, id=8576, stack(0x000000334c100000,0x000000334c200000)]


Current CompileTask:
C2:  30684 9684       4       org.jetbrains.kotlin.ir.util.TypeTranslator::translateType (625 bytes)

Stack: [0x000000334c100000,0x000000334c200000]
Native frames: (J=compiled Java code, j=interpreted, Vv=VM code, C=native code)
V  [jvm.dll+0x65d8aa]
V  [jvm.dll+0x79fc1f]
V  [jvm.dll+0x7a12e9]
V  [jvm.dll+0x7a1983]
V  [jvm.dll+0x2585b5]
V  [jvm.dll+0xb284c]
V  [jvm.dll+0xb2e0c]
V  [jvm.dll+0x2c9c42]
V  [jvm.dll+0x56d7dc]
V  [jvm.dll+0x210b87]
V  [jvm.dll+0x2133b9]
V  [jvm.dll+0x210264]
V  [jvm.dll+0x18c641]
V  [jvm.dll+0x220609]
V  [jvm.dll+0x21e92c]
V  [jvm.dll+0x763f61]
V  [jvm.dll+0x75c924]
V  [jvm.dll+0x65c755]
C  [ucrtbase.dll+0x21bb2]
C  [KERNEL32.DLL+0x17034]
C  [ntdll.dll+0x52651]


---------------  P R O C E S S  ---------------

Threads class SMR info:
_java_thread_list=0x000001ed5e6c7bd0, length=11, elements={
0x000001ed37e8b000, 0x000001ed57268000, 0x000001ed57294000, 0x000001ed57bf6000,
0x000001ed57bf7800, 0x000001ed57bfa000, 0x000001ed57ba1000, 0x000001ed57ba6800,
0x000001ed57ba8800, 0x000001ed57d69000, 0x000001ed5bf0b000
}

Java Threads: ( => current thread )
  0x000001ed37e8b000 JavaThread "main" [_thread_in_Java, id=2272, stack(0x000000334b500000,0x000000334b600000)]
  0x000001ed57268000 JavaThread "Reference Handler" daemon [_thread_blocked, id=4272, stack(0x000000334bc00000,0x000000334bd00000)]
  0x000001ed57294000 JavaThread "Finalizer" daemon [_thread_blocked, id=7268, stack(0x000000334bd00000,0x000000334be00000)]
  0x000001ed57bf6000 JavaThread "Signal Dispatcher" daemon [_thread_blocked, id=7428, stack(0x000000334be00000,0x000000334bf00000)]
  0x000001ed57bf7800 JavaThread "Attach Listener" daemon [_thread_blocked, id=8352, stack(0x000000334bf00000,0x000000334c000000)]
  0x000001ed57bfa000 JavaThread "Service Thread" daemon [_thread_blocked, id=9040, stack(0x000000334c000000,0x000000334c100000)]
=>0x000001ed57ba1000 JavaThread "C2 CompilerThread0" daemon [_thread_in_native, id=8576, stack(0x000000334c100000,0x000000334c200000)]
  0x000001ed57ba6800 JavaThread "C1 CompilerThread0" daemon [_thread_in_native, id=1780, stack(0x000000334c200000,0x000000334c300000)]
  0x000001ed57ba8800 JavaThread "Sweeper thread" daemon [_thread_blocked, id=376, stack(0x000000334c300000,0x000000334c400000)]
  0x000001ed57d69000 JavaThread "Common-Cleaner" daemon [_thread_blocked, id=8956, stack(0x000000334c500000,0x000000334c600000)]
  0x000001ed5bf0b000 JavaThread "C2 CompilerThread1" daemon [_thread_in_native, id=4000, stack(0x000000334c600000,0x000000334c700000)]

Other Threads:
  0x000001ed57263800 VMThread "VM Thread" [stack: 0x000000334bb00000,0x000000334bc00000] [id=1984]
  0x000001ed57d65800 WatcherThread [stack: 0x000000334c400000,0x000000334c500000] [id=8160]
  0x000001ed37ea3800 GCTaskThread "GC Thread#0" [stack: 0x000000334b600000,0x000000334b700000] [id=8212]
  0x000001ed58218000 GCTaskThread "GC Thread#1" [stack: 0x000000334c700000,0x000000334c800000] [id=6848]
  0x000001ed58219000 GCTaskThread "GC Thread#2" [stack: 0x000000334c800000,0x000000334c900000] [id=2192]
  0x000001ed58129000 GCTaskThread "GC Thread#3" [stack: 0x000000334c900000,0x000000334ca00000] [id=8436]
  0x000001ed37ee4800 ConcurrentGCThread "G1 Main Marker" [stack: 0x000000334b700000,0x000000334b800000] [id=4856]
  0x000001ed37ee6000 ConcurrentGCThread "G1 Conc#0" [stack: 0x000000334b800000,0x000000334b900000] [id=2904]
  0x000001ed570ce800 ConcurrentGCThread "G1 Refine#0" [stack: 0x000000334b900000,0x000000334ba00000] [id=3240]
  0x000001ed5b46c000 ConcurrentGCThread "G1 Refine#1" [stack: 0x000000334ca00000,0x000000334cb00000] [id=9068]
  0x000001ed570d2800 ConcurrentGCThread "G1 Young RemSet Sampling" [stack: 0x000000334ba00000,0x000000334bb00000] [id=4304]

Threads with active compile tasks:
C2 CompilerThread0    30725 9684       4       org.jetbrains.kotlin.ir.util.TypeTranslator::translateType (625 bytes)
C1 CompilerThread0    30725 9774       3       org.jetbrains.kotlin.backend.jvm.mapping.MethodSignatureMapper::mapFunctionName (342 bytes)
C2 CompilerThread1    30725 9701       4       org.jetbrains.kotlin.ir.util.TypeTranslator::translateTypeAnnotations (230 bytes)

VM state:not at safepoint (normal execution)

VM Mutex/Monitor currently owned by a thread: None

Heap address: 0x0000000751200000, size: 2798 MB, Compressed Oops mode: Zero based, Oop shift amount: 3
Narrow klass base: 0x0000000800000000, Narrow klass shift: 0
Compressed class space size: 1073741824 Address: 0x0000000800000000

Heap:
 garbage-first heap   total 217088K, used 99328K [0x0000000751200000, 0x0000000800000000)
  region size 1024K, 52 young (53248K), 10 survivors (10240K)
 Metaspace       used 76405K, capacity 77238K, committed 77520K, reserved 1118208K
  class space    used 8613K, capacity 8971K, committed 9088K, reserved 1048576K
Heap Regions: E=young(eden), S=young(survivor), O=old, HS=humongous(starts), HC=humongous(continues), CS=collection set, F=free, A=archive, TAMS=top-at-mark-start (previous, next)
|   0|0x0000000751200000, 0x0000000751300000, 0x0000000751300000|100%|HS|  |TAMS 0x0000000751300000, 0x0000000751200000| Complete 
|   1|0x0000000751300000, 0x0000000751400000, 0x0000000751400000|100%|HC|  |TAMS 0x0000000751400000, 0x0000000751300000| Complete 
|   2|0x0000000751400000, 0x0000000751500000, 0x0000000751500000|100%|HC|  |TAMS 0x0000000751500000, 0x0000000751400000| Complete 
|   3|0x0000000751500000, 0x0000000751600000, 0x0000000751600000|100%|HC|  |TAMS 0x0000000751600000, 0x0000000751500000| Complete 
|   4|0x0000000751600000, 0x0000000751700000, 0x0000000751700000|100%| O|  |TAMS 0x0000000751700000, 0x0000000751600000| Untracked 
|   5|0x0000000751700000, 0x0000000751800000, 0x0000000751800000|100%| O|  |TAMS 0x0000000751800000, 0x0000000751700000| Untracked 
|   6|0x0000000751800000, 0x0000000751900000, 0x0000000751900000|100%|HS|  |TAMS 0x0000000751900000, 0x0000000751800000| Complete 
|   7|0x0000000751900000, 0x0000000751a00000, 0x0000000751a00000|100%|HC|  |TAMS 0x0000000751a00000, 0x0000000751900000| Complete 
|   8|0x0000000751a00000, 0x0000000751b00000, 0x0000000751b00000|100%|HC|  |TAMS 0x0000000751b00000, 0x0000000751a00000| Complete 
|   9|0x0000000751b00000, 0x0000000751c00000, 0x0000000751c00000|100%|HC|  |TAMS 0x0000000751c00000, 0x0000000751b00000| Complete 
|  10|0x0000000751c00000, 0x0000000751d00000, 0x0000000751d00000|100%| O|  |TAMS 0x0000000751d00000, 0x0000000751c00000| Untracked 
|  11|0x0000000751d00000, 0x0000000751e00000, 0x0000000751e00000|100%| O|  |TAMS 0x0000000751e00000, 0x0000000751d00000| Untracked 
|  12|0x0000000751e00000, 0x0000000751f00000, 0x0000000751f00000|100%| O|  |TAMS 0x0000000751f00000, 0x0000000751e00000| Untracked 
|  13|0x0000000751f00000, 0x0000000752000000, 0x0000000752000000|100%| O|  |TAMS 0x0000000752000000, 0x0000000751f00000| Untracked 
|  14|0x0000000752000000, 0x0000000752100000, 0x0000000752100000|100%| O|  |TAMS 0x0000000752100000, 0x0000000752000000| Untracked 
|  15|0x0000000752100000, 0x0000000752200000, 0x0000000752200000|100%| O|  |TAMS 0x0000000752200000, 0x0000000752100000| Untracked 
|  16|0x0000000752200000, 0x0000000752300000, 0x0000000752300000|100%| O|  |TAMS 0x0000000752300000, 0x0000000752200000| Untracked 
|  17|0x0000000752300000, 0x0000000752400000, 0x0000000752400000|100%| O|  |TAMS 0x0000000752400000, 0x0000000752300000| Untracked 
|  18|0x0000000752400000, 0x0000000752500000, 0x0000000752500000|100%| O|  |TAMS 0x0000000752500000, 0x0000000752400000| Untracked 
|  19|0x0000000752500000, 0x0000000752600000, 0x0000000752600000|100%| O|  |TAMS 0x0000000752600000, 0x0000000752500000| Untracked 
|  20|0x0000000752600000, 0x0000000752700000, 0x0000000752700000|100%| O|  |TAMS 0x0000000752700000, 0x0000000752600000| Untracked 
|  21|0x0000000752700000, 0x0000000752800000, 0x0000000752800000|100%| O|  |TAMS 0x0000000752800000, 0x0000000752700000| Untracked 
|  22|0x0000000752800000, 0x0000000752900000, 0x0000000752900000|100%| O|  |TAMS 0x0000000752900000, 0x0000000752800000| Untracked 
|  23|0x0000000752900000, 0x0000000752a00000, 0x0000000752a00000|100%|HS|  |TAMS 0x0000000752a00000, 0x0000000752900000| Complete 
|  24|0x0000000752a00000, 0x0000000752b00000, 0x0000000752b00000|100%|HC|  |TAMS 0x0000000752b00000, 0x0000000752a00000| Complete 
|  25|0x0000000752b00000, 0x0000000752c00000, 0x0000000752c00000|100%| O|  |TAMS 0x0000000752c00000, 0x0000000752b00000| Untracked 
|  26|0x0000000752c00000, 0x0000000752d00000, 0x0000000752d00000|100%| O|  |TAMS 0x0000000752d00000, 0x0000000752c00000| Untracked 
|  27|0x0000000752d00000, 0x0000000752e00000, 0x0000000752e00000|100%| O|  |TAMS 0x0000000752e00000, 0x0000000752d00000| Untracked 
|  28|0x0000000752e00000, 0x0000000752f00000, 0x0000000752f00000|100%| O|  |TAMS 0x0000000752f00000, 0x0000000752e00000| Untracked 
|  29|0x0000000752f00000, 0x0000000753000000, 0x0000000753000000|100%| O|  |TAMS 0x0000000753000000, 0x0000000752f00000| Untracked 
|  30|0x0000000753000000, 0x0000000753100000, 0x0000000753100000|100%| O|  |TAMS 0x0000000753100000, 0x0000000753000000| Untracked 
|  31|0x0000000753100000, 0x0000000753200000, 0x0000000753200000|100%| O|  |TAMS 0x0000000753200000, 0x0000000753100000| Untracked 
|  32|0x0000000753200000, 0x0000000753300000, 0x0000000753300000|100%| O|  |TAMS 0x0000000753300000, 0x0000000753200000| Untracked 
|  33|0x0000000753300000, 0x0000000753400000, 0x0000000753400000|100%| O|  |TAMS 0x0000000753400000, 0x0000000753300000| Untracked 
|  34|0x0000000753400000, 0x0000000753500000, 0x0000000753500000|100%| O|  |TAMS 0x0000000753500000, 0x0000000753400000| Untracked 
|  35|0x0000000753500000, 0x0000000753600000, 0x0000000753600000|100%| O|  |TAMS 0x0000000753600000, 0x0000000753500000| Untracked 
|  36|0x0000000753600000, 0x0000000753700000, 0x0000000753700000|100%| O|  |TAMS 0x0000000753700000, 0x0000000753600000| Untracked 
|  37|0x0000000753700000, 0x0000000753800000, 0x0000000753800000|100%| O|  |TAMS 0x0000000753800000, 0x0000000753700000| Untracked 
|  38|0x0000000753800000, 0x0000000753900000, 0x0000000753900000|100%| O|  |TAMS 0x0000000753900000, 0x0000000753800000| Untracked 
|  39|0x0000000753900000, 0x0000000753a00000, 0x0000000753a00000|100%| O|  |TAMS 0x0000000753a00000, 0x0000000753900000| Untracked 
|  40|0x0000000753a00000, 0x0000000753b00000, 0x0000000753b00000|100%| O|  |TAMS 0x0000000753b00000, 0x0000000753a00000| Untracked 
|  41|0x0000000753b00000, 0x0000000753c00000, 0x0000000753c00000|100%| O|  |TAMS 0x0000000753c00000, 0x0000000753b00000| Untracked 
|  42|0x0000000753c00000, 0x0000000753d00000, 0x0000000753d00000|100%| O|  |TAMS 0x0000000753d00000, 0x0000000753c00000| Untracked 
|  43|0x0000000753d00000, 0x0000000753e00000, 0x0000000753e00000|100%| O|  |TAMS 0x0000000753e00000, 0x0000000753d00000| Untracked 
|  44|0x0000000753e00000, 0x0000000753f00000, 0x0000000753f00000|100%| O|  |TAMS 0x0000000753f00000, 0x0000000753e00000| Untracked 
|  45|0x0000000753f00000, 0x0000000754000000, 0x0000000754000000|100%| O|  |TAMS 0x0000000754000000, 0x0000000753f00000| Untracked 
|  46|0x0000000754000000, 0x0000000754000000, 0x0000000754100000|  0%| F|  |TAMS 0x0000000754000000, 0x0000000754000000| Untracked 
|  47|0x0000000754100000, 0x0000000754100000, 0x0000000754200000|  0%| F|  |TAMS 0x0000000754100000, 0x0000000754100000| Untracked 
|  48|0x0000000754200000, 0x0000000754200000, 0x0000000754300000|  0%| F|  |TAMS 0x0000000754200000, 0x0000000754200000| Untracked 
|  49|0x0000000754300000, 0x0000000754300000, 0x0000000754400000|  0%| F|  |TAMS 0x0000000754300000, 0x0000000754300000| Untracked 
|  50|0x0000000754400000, 0x0000000754400000, 0x0000000754500000|  0%| F|  |TAMS 0x0000000754400000, 0x0000000754400000| Untracked 
|  51|0x0000000754500000, 0x0000000754500000, 0x0000000754600000|  0%| F|  |TAMS 0x0000000754500000, 0x0000000754500000| Untracked 
|  52|0x0000000754600000, 0x0000000754600000, 0x0000000754700000|  0%| F|  |TAMS 0x0000000754600000, 0x0000000754600000| Untracked 
|  53|0x0000000754700000, 0x0000000754700000, 0x0000000754800000|  0%| F|  |TAMS 0x0000000754700000, 0x0000000754700000| Untracked 
|  54|0x0000000754800000, 0x0000000754800000, 0x0000000754900000|  0%| F|  |TAMS 0x0000000754800000, 0x0000000754800000| Untracked 
|  55|0x0000000754900000, 0x0000000754900000, 0x0000000754a00000|  0%| F|  |TAMS 0x0000000754900000, 0x0000000754900000| Untracked 
|  56|0x0000000754a00000, 0x0000000754a00000, 0x0000000754b00000|  0%| F|  |TAMS 0x0000000754a00000, 0x0000000754a00000| Untracked 
|  57|0x0000000754b00000, 0x0000000754b00000, 0x0000000754c00000|  0%| F|  |TAMS 0x0000000754b00000, 0x0000000754b00000| Untracked 
|  58|0x0000000754c00000, 0x0000000754c00000, 0x0000000754d00000|  0%| F|  |TAMS 0x0000000754c00000, 0x0000000754c00000| Untracked 
|  59|0x0000000754d00000, 0x0000000754d00000, 0x0000000754e00000|  0%| F|  |TAMS 0x0000000754d00000, 0x0000000754d00000| Untracked 
|  60|0x0000000754e00000, 0x0000000754e00000, 0x0000000754f00000|  0%| F|  |TAMS 0x0000000754e00000, 0x0000000754e00000| Untracked 
|  61|0x0000000754f00000, 0x0000000754f00000, 0x0000000755000000|  0%| F|  |TAMS 0x0000000754f00000, 0x0000000754f00000| Untracked 
|  62|0x0000000755000000, 0x0000000755000000, 0x0000000755100000|  0%| F|  |TAMS 0x0000000755000000, 0x0000000755000000| Untracked 
|  63|0x0000000755100000, 0x0000000755100000, 0x0000000755200000|  0%| F|  |TAMS 0x0000000755100000, 0x0000000755100000| Untracked 
|  64|0x0000000755200000, 0x0000000755200000, 0x0000000755300000|  0%| F|  |TAMS 0x0000000755200000, 0x0000000755200000| Untracked 
|  65|0x0000000755300000, 0x0000000755300000, 0x0000000755400000|  0%| F|  |TAMS 0x0000000755300000, 0x0000000755300000| Untracked 
|  66|0x0000000755400000, 0x0000000755400000, 0x0000000755500000|  0%| F|  |TAMS 0x0000000755400000, 0x0000000755400000| Untracked 
|  67|0x0000000755500000, 0x0000000755500000, 0x0000000755600000|  0%| F|  |TAMS 0x0000000755500000, 0x0000000755500000| Untracked 
|  68|0x0000000755600000, 0x0000000755600000, 0x0000000755700000|  0%| F|  |TAMS 0x0000000755600000, 0x0000000755600000| Untracked 
|  69|0x0000000755700000, 0x0000000755700000, 0x0000000755800000|  0%| F|  |TAMS 0x0000000755700000, 0x0000000755700000| Untracked 
|  70|0x0000000755800000, 0x0000000755800000, 0x0000000755900000|  0%| F|  |TAMS 0x0000000755800000, 0x0000000755800000| Untracked 
|  71|0x0000000755900000, 0x0000000755900000, 0x0000000755a00000|  0%| F|  |TAMS 0x0000000755900000, 0x0000000755900000| Untracked 
|  72|0x0000000755a00000, 0x0000000755a00000, 0x0000000755b00000|  0%| F|  |TAMS 0x0000000755a00000, 0x0000000755a00000| Untracked 
|  73|0x0000000755b00000, 0x0000000755b00000, 0x0000000755c00000|  0%| F|  |TAMS 0x0000000755b00000, 0x0000000755b00000| Untracked 
|  74|0x0000000755c00000, 0x0000000755c00000, 0x0000000755d00000|  0%| F|  |TAMS 0x0000000755c00000, 0x0000000755c00000| Untracked 
|  75|0x0000000755d00000, 0x0000000755d00000, 0x0000000755e00000|  0%| F|  |TAMS 0x0000000755d00000, 0x0000000755d00000| Untracked 
|  76|0x0000000755e00000, 0x0000000755e00000, 0x0000000755f00000|  0%| F|  |TAMS 0x0000000755e00000, 0x0000000755e00000| Untracked 
|  77|0x0000000755f00000, 0x0000000755f00000, 0x0000000756000000|  0%| F|  |TAMS 0x0000000755f00000, 0x0000000755f00000| Untracked 
|  78|0x0000000756000000, 0x0000000756000000, 0x0000000756100000|  0%| F|  |TAMS 0x0000000756000000, 0x0000000756000000| Untracked 
|  79|0x0000000756100000, 0x0000000756100000, 0x0000000756200000|  0%| F|  |TAMS 0x0000000756100000, 0x0000000756100000| Untracked 
|  80|0x0000000756200000, 0x0000000756200000, 0x0000000756300000|  0%| F|  |TAMS 0x0000000756200000, 0x0000000756200000| Untracked 
|  81|0x0000000756300000, 0x0000000756300000, 0x0000000756400000|  0%| F|  |TAMS 0x0000000756300000, 0x0000000756300000| Untracked 
|  82|0x0000000756400000, 0x0000000756400000, 0x0000000756500000|  0%| F|  |TAMS 0x0000000756400000, 0x0000000756400000| Untracked 
|  83|0x0000000756500000, 0x0000000756500000, 0x0000000756600000|  0%| F|  |TAMS 0x0000000756500000, 0x0000000756500000| Untracked 
|  84|0x0000000756600000, 0x0000000756600000, 0x0000000756700000|  0%| F|  |TAMS 0x0000000756600000, 0x0000000756600000| Untracked 
|  85|0x0000000756700000, 0x0000000756700000, 0x0000000756800000|  0%| F|  |TAMS 0x0000000756700000, 0x0000000756700000| Untracked 
|  86|0x0000000756800000, 0x0000000756800000, 0x0000000756900000|  0%| F|  |TAMS 0x0000000756800000, 0x0000000756800000| Untracked 
|  87|0x0000000756900000, 0x0000000756900000, 0x0000000756a00000|  0%| F|  |TAMS 0x0000000756900000, 0x0000000756900000| Untracked 
|  88|0x0000000756a00000, 0x0000000756a00000, 0x0000000756b00000|  0%| F|  |TAMS 0x0000000756a00000, 0x0000000756a00000| Untracked 
|  89|0x0000000756b00000, 0x0000000756b00000, 0x0000000756c00000|  0%| F|  |TAMS 0x0000000756b00000, 0x0000000756b00000| Untracked 
|  90|0x0000000756c00000, 0x0000000756c00000, 0x0000000756d00000|  0%| F|  |TAMS 0x0000000756c00000, 0x0000000756c00000| Untracked 
|  91|0x0000000756d00000, 0x0000000756d00000, 0x0000000756e00000|  0%| F|  |TAMS 0x0000000756d00000, 0x0000000756d00000| Untracked 
|  92|0x0000000756e00000, 0x0000000756e00000, 0x0000000756f00000|  0%| F|  |TAMS 0x0000000756e00000, 0x0000000756e00000| Untracked 
|  93|0x0000000756f00000, 0x0000000756f00000, 0x0000000757000000|  0%| F|  |TAMS 0x0000000756f00000, 0x0000000756f00000| Untracked 
|  94|0x0000000757000000, 0x0000000757000000, 0x0000000757100000|  0%| F|  |TAMS 0x0000000757000000, 0x0000000757000000| Untracked 
|  95|0x0000000757100000, 0x0000000757100000, 0x0000000757200000|  0%| F|  |TAMS 0x0000000757100000, 0x0000000757100000| Untracked 
|  96|0x0000000757200000, 0x0000000757200000, 0x0000000757300000|  0%| F|  |TAMS 0x0000000757200000, 0x0000000757200000| Untracked 
|  97|0x0000000757300000, 0x0000000757300000, 0x0000000757400000|  0%| F|  |TAMS 0x0000000757300000, 0x0000000757300000| Untracked 
|  98|0x0000000757400000, 0x0000000757400000, 0x0000000757500000|  0%| F|  |TAMS 0x0000000757400000, 0x0000000757400000| Untracked 
|  99|0x0000000757500000, 0x0000000757500000, 0x0000000757600000|  0%| F|  |TAMS 0x0000000757500000, 0x0000000757500000| Untracked 
| 100|0x0000000757600000, 0x0000000757600000, 0x0000000757700000|  0%| F|  |TAMS 0x0000000757600000, 0x0000000757600000| Untracked 
| 101|0x0000000757700000, 0x0000000757700000, 0x0000000757800000|  0%| F|  |TAMS 0x0000000757700000, 0x0000000757700000| Untracked 
| 102|0x0000000757800000, 0x0000000757800000, 0x0000000757900000|  0%| F|  |TAMS 0x0000000757800000, 0x0000000757800000| Untracked 
| 103|0x0000000757900000, 0x0000000757900000, 0x0000000757a00000|  0%| F|  |TAMS 0x0000000757900000, 0x0000000757900000| Untracked 
| 104|0x0000000757a00000, 0x0000000757a00000, 0x0000000757b00000|  0%| F|  |TAMS 0x0000000757a00000, 0x0000000757a00000| Untracked 
| 105|0x0000000757b00000, 0x0000000757b00000, 0x0000000757c00000|  0%| F|  |TAMS 0x0000000757b00000, 0x0000000757b00000| Untracked 
| 106|0x0000000757c00000, 0x0000000757c00000, 0x0000000757d00000|  0%| F|  |TAMS 0x0000000757c00000, 0x0000000757c00000| Untracked 
| 107|0x0000000757d00000, 0x0000000757d00000, 0x0000000757e00000|  0%| F|  |TAMS 0x0000000757d00000, 0x0000000757d00000| Untracked 
| 108|0x0000000757e00000, 0x0000000757e00000, 0x0000000757f00000|  0%| F|  |TAMS 0x0000000757e00000, 0x0000000757e00000| Untracked 
| 109|0x0000000757f00000, 0x0000000757f00000, 0x0000000758000000|  0%| F|  |TAMS 0x0000000757f00000, 0x0000000757f00000| Untracked 
| 110|0x0000000758000000, 0x0000000758000000, 0x0000000758100000|  0%| F|  |TAMS 0x0000000758000000, 0x0000000758000000| Untracked 
| 111|0x0000000758100000, 0x0000000758100000, 0x0000000758200000|  0%| F|  |TAMS 0x0000000758100000, 0x0000000758100000| Untracked 
| 112|0x0000000758200000, 0x0000000758200000, 0x0000000758300000|  0%| F|  |TAMS 0x0000000758200000, 0x0000000758200000| Untracked 
| 113|0x0000000758300000, 0x0000000758300000, 0x0000000758400000|  0%| F|  |TAMS 0x0000000758300000, 0x0000000758300000| Untracked 
| 114|0x0000000758400000, 0x0000000758400000, 0x0000000758500000|  0%| F|  |TAMS 0x0000000758400000, 0x0000000758400000| Untracked 
| 115|0x0000000758500000, 0x0000000758500000, 0x0000000758600000|  0%| F|  |TAMS 0x0000000758500000, 0x0000000758500000| Untracked 
| 116|0x0000000758600000, 0x0000000758600000, 0x0000000758700000|  0%| F|  |TAMS 0x0000000758600000, 0x0000000758600000| Untracked 
| 117|0x0000000758700000, 0x0000000758700000, 0x0000000758800000|  0%| F|  |TAMS 0x0000000758700000, 0x0000000758700000| Untracked 
| 118|0x0000000758800000, 0x0000000758800000, 0x0000000758900000|  0%| F|  |TAMS 0x0000000758800000, 0x0000000758800000| Untracked 
| 119|0x0000000758900000, 0x0000000758900000, 0x0000000758a00000|  0%| F|  |TAMS 0x0000000758900000, 0x0000000758900000| Untracked 
| 120|0x0000000758a00000, 0x0000000758a00000, 0x0000000758b00000|  0%| F|  |TAMS 0x0000000758a00000, 0x0000000758a00000| Untracked 
| 121|0x0000000758b00000, 0x0000000758b00000, 0x0000000758c00000|  0%| F|  |TAMS 0x0000000758b00000, 0x0000000758b00000| Untracked 
| 122|0x0000000758c00000, 0x0000000758c00000, 0x0000000758d00000|  0%| F|  |TAMS 0x0000000758c00000, 0x0000000758c00000| Untracked 
| 123|0x0000000758d00000, 0x0000000758d00000, 0x0000000758e00000|  0%| F|  |TAMS 0x0000000758d00000, 0x0000000758d00000| Untracked 
| 124|0x0000000758e00000, 0x0000000758e00000, 0x0000000758f00000|  0%| F|  |TAMS 0x0000000758e00000, 0x0000000758e00000| Untracked 
| 125|0x0000000758f00000, 0x0000000759000000, 0x0000000759000000|100%| S|CS|TAMS 0x0000000758f00000, 0x0000000758f00000| Complete 
| 126|0x0000000759000000, 0x0000000759100000, 0x0000000759100000|100%| S|CS|TAMS 0x0000000759000000, 0x0000000759000000| Complete 
| 127|0x0000000759100000, 0x0000000759200000, 0x0000000759200000|100%| S|CS|TAMS 0x0000000759100000, 0x0000000759100000| Complete 
| 128|0x0000000759200000, 0x0000000759300000, 0x0000000759300000|100%| S|CS|TAMS 0x0000000759200000, 0x0000000759200000| Complete 
| 129|0x0000000759300000, 0x0000000759400000, 0x0000000759400000|100%| S|CS|TAMS 0x0000000759300000, 0x0000000759300000| Complete 
| 130|0x0000000759400000, 0x0000000759500000, 0x0000000759500000|100%| S|CS|TAMS 0x0000000759400000, 0x0000000759400000| Complete 
| 131|0x0000000759500000, 0x0000000759600000, 0x0000000759600000|100%| S|CS|TAMS 0x0000000759500000, 0x0000000759500000| Complete 
| 132|0x0000000759600000, 0x0000000759700000, 0x0000000759700000|100%| S|CS|TAMS 0x0000000759600000, 0x0000000759600000| Complete 
| 133|0x0000000759700000, 0x0000000759800000, 0x0000000759800000|100%| S|CS|TAMS 0x0000000759700000, 0x0000000759700000| Complete 
| 134|0x0000000759800000, 0x0000000759900000, 0x0000000759900000|100%| S|CS|TAMS 0x0000000759800000, 0x0000000759800000| Complete 
| 135|0x0000000759900000, 0x0000000759900000, 0x0000000759a00000|  0%| F|  |TAMS 0x0000000759900000, 0x0000000759900000| Untracked 
| 136|0x0000000759a00000, 0x0000000759a00000, 0x0000000759b00000|  0%| F|  |TAMS 0x0000000759a00000, 0x0000000759a00000| Untracked 
| 137|0x0000000759b00000, 0x0000000759b00000, 0x0000000759c00000|  0%| F|  |TAMS 0x0000000759b00000, 0x0000000759b00000| Untracked 
| 138|0x0000000759c00000, 0x0000000759c00000, 0x0000000759d00000|  0%| F|  |TAMS 0x0000000759c00000, 0x0000000759c00000| Untracked 
| 139|0x0000000759d00000, 0x0000000759d00000, 0x0000000759e00000|  0%| F|  |TAMS 0x0000000759d00000, 0x0000000759d00000| Untracked 
| 140|0x0000000759e00000, 0x0000000759e00000, 0x0000000759f00000|  0%| F|  |TAMS 0x0000000759e00000, 0x0000000759e00000| Untracked 
| 141|0x0000000759f00000, 0x0000000759f00000, 0x000000075a000000|  0%| F|  |TAMS 0x0000000759f00000, 0x0000000759f00000| Untracked 
| 142|0x000000075a000000, 0x000000075a000000, 0x000000075a100000|  0%| F|  |TAMS 0x000000075a000000, 0x000000075a000000| Untracked 
| 143|0x000000075a100000, 0x000000075a100000, 0x000000075a200000|  0%| F|  |TAMS 0x000000075a100000, 0x000000075a100000| Untracked 
| 144|0x000000075a200000, 0x000000075a200000, 0x000000075a300000|  0%| F|  |TAMS 0x000000075a200000, 0x000000075a200000| Untracked 
| 145|0x000000075a300000, 0x000000075a300000, 0x000000075a400000|  0%| F|  |TAMS 0x000000075a300000, 0x000000075a300000| Untracked 
| 146|0x000000075a400000, 0x000000075a400000, 0x000000075a500000|  0%| F|  |TAMS 0x000000075a400000, 0x000000075a400000| Untracked 
| 147|0x000000075a500000, 0x000000075a500000, 0x000000075a600000|  0%| F|  |TAMS 0x000000075a500000, 0x000000075a500000| Untracked 
| 148|0x000000075a600000, 0x000000075a600000, 0x000000075a700000|  0%| F|  |TAMS 0x000000075a600000, 0x000000075a600000| Untracked 
| 149|0x000000075a700000, 0x000000075a700000, 0x000000075a800000|  0%| F|  |TAMS 0x000000075a700000, 0x000000075a700000| Untracked 
| 150|0x000000075a800000, 0x000000075a800000, 0x000000075a900000|  0%| F|  |TAMS 0x000000075a800000, 0x000000075a800000| Untracked 
| 151|0x000000075a900000, 0x000000075a900000, 0x000000075aa00000|  0%| F|  |TAMS 0x000000075a900000, 0x000000075a900000| Untracked 
| 152|0x000000075aa00000, 0x000000075aa00000, 0x000000075ab00000|  0%| F|  |TAMS 0x000000075aa00000, 0x000000075aa00000| Untracked 
| 153|0x000000075ab00000, 0x000000075ab00000, 0x000000075ac00000|  0%| F|  |TAMS 0x000000075ab00000, 0x000000075ab00000| Untracked 
| 154|0x000000075ac00000, 0x000000075ac00000, 0x000000075ad00000|  0%| F|  |TAMS 0x000000075ac00000, 0x000000075ac00000| Untracked 
| 155|0x000000075ad00000, 0x000000075ad00000, 0x000000075ae00000|  0%| F|  |TAMS 0x000000075ad00000, 0x000000075ad00000| Untracked 
| 156|0x000000075ae00000, 0x000000075ae00000, 0x000000075af00000|  0%| F|  |TAMS 0x000000075ae00000, 0x000000075ae00000| Untracked 
| 157|0x000000075af00000, 0x000000075af00000, 0x000000075b000000|  0%| F|  |TAMS 0x000000075af00000, 0x000000075af00000| Untracked 
| 158|0x000000075b000000, 0x000000075b000000, 0x000000075b100000|  0%| F|  |TAMS 0x000000075b000000, 0x000000075b000000| Untracked 
| 159|0x000000075b100000, 0x000000075b100000, 0x000000075b200000|  0%| F|  |TAMS 0x000000075b100000, 0x000000075b100000| Untracked 
| 160|0x000000075b200000, 0x000000075b200000, 0x000000075b300000|  0%| F|  |TAMS 0x000000075b200000, 0x000000075b200000| Untracked 
| 161|0x000000075b300000, 0x000000075b300000, 0x000000075b400000|  0%| F|  |TAMS 0x000000075b300000, 0x000000075b300000| Untracked 
| 162|0x000000075b400000, 0x000000075b400000, 0x000000075b500000|  0%| F|  |TAMS 0x000000075b400000, 0x000000075b400000| Untracked 
| 163|0x000000075b500000, 0x000000075b500000, 0x000000075b600000|  0%| F|  |TAMS 0x000000075b500000, 0x000000075b500000| Untracked 
| 164|0x000000075b600000, 0x000000075b600000, 0x000000075b700000|  0%| F|  |TAMS 0x000000075b600000, 0x000000075b600000| Untracked 
| 165|0x000000075b700000, 0x000000075b700000, 0x000000075b800000|  0%| F|  |TAMS 0x000000075b700000, 0x000000075b700000| Untracked 
| 166|0x000000075b800000, 0x000000075b800000, 0x000000075b900000|  0%| F|  |TAMS 0x000000075b800000, 0x000000075b800000| Untracked 
| 167|0x000000075b900000, 0x000000075b900000, 0x000000075ba00000|  0%| F|  |TAMS 0x000000075b900000, 0x000000075b900000| Untracked 
| 168|0x000000075ba00000, 0x000000075ba00000, 0x000000075bb00000|  0%| F|  |TAMS 0x000000075ba00000, 0x000000075ba00000| Untracked 
| 169|0x000000075bb00000, 0x000000075bb00000, 0x000000075bc00000|  0%| F|  |TAMS 0x000000075bb00000, 0x000000075bb00000| Untracked 
| 170|0x000000075bc00000, 0x000000075bd00000, 0x000000075bd00000|100%| E|  |TAMS 0x000000075bc00000, 0x000000075bc00000| Complete 
| 171|0x000000075bd00000, 0x000000075be00000, 0x000000075be00000|100%| E|CS|TAMS 0x000000075bd00000, 0x000000075bd00000| Complete 
| 172|0x000000075be00000, 0x000000075bf00000, 0x000000075bf00000|100%| E|CS|TAMS 0x000000075be00000, 0x000000075be00000| Complete 
| 173|0x000000075bf00000, 0x000000075c000000, 0x000000075c000000|100%| E|CS|TAMS 0x000000075bf00000, 0x000000075bf00000| Complete 
| 174|0x000000075c000000, 0x000000075c100000, 0x000000075c100000|100%| E|CS|TAMS 0x000000075c000000, 0x000000075c000000| Complete 
| 175|0x000000075c100000, 0x000000075c200000, 0x000000075c200000|100%| E|CS|TAMS 0x000000075c100000, 0x000000075c100000| Complete 
| 176|0x000000075c200000, 0x000000075c300000, 0x000000075c300000|100%| E|CS|TAMS 0x000000075c200000, 0x000000075c200000| Complete 
| 177|0x000000075c300000, 0x000000075c400000, 0x000000075c400000|100%| E|CS|TAMS 0x000000075c300000, 0x000000075c300000| Complete 
| 178|0x000000075c400000, 0x000000075c500000, 0x000000075c500000|100%| E|CS|TAMS 0x000000075c400000, 0x000000075c400000| Complete 
| 179|0x000000075c500000, 0x000000075c600000, 0x000000075c600000|100%| E|CS|TAMS 0x000000075c500000, 0x000000075c500000| Complete 
| 180|0x000000075c600000, 0x000000075c700000, 0x000000075c700000|100%| E|CS|TAMS 0x000000075c600000, 0x000000075c600000| Complete 
| 181|0x000000075c700000, 0x000000075c800000, 0x000000075c800000|100%| E|CS|TAMS 0x000000075c700000, 0x000000075c700000| Complete 
| 182|0x000000075c800000, 0x000000075c900000, 0x000000075c900000|100%| E|CS|TAMS 0x000000075c800000, 0x000000075c800000| Complete 
| 183|0x000000075c900000, 0x000000075ca00000, 0x000000075ca00000|100%| E|CS|TAMS 0x000000075c900000, 0x000000075c900000| Complete 
| 184|0x000000075ca00000, 0x000000075cb00000, 0x000000075cb00000|100%| E|CS|TAMS 0x000000075ca00000, 0x000000075ca00000| Complete 
| 185|0x000000075cb00000, 0x000000075cc00000, 0x000000075cc00000|100%| E|CS|TAMS 0x000000075cb00000, 0x000000075cb00000| Complete 
| 186|0x000000075cc00000, 0x000000075cd00000, 0x000000075cd00000|100%| E|CS|TAMS 0x000000075cc00000, 0x000000075cc00000| Complete 
| 187|0x000000075cd00000, 0x000000075ce00000, 0x000000075ce00000|100%| E|CS|TAMS 0x000000075cd00000, 0x000000075cd00000| Complete 
| 188|0x000000075ce00000, 0x000000075cf00000, 0x000000075cf00000|100%| E|CS|TAMS 0x000000075ce00000, 0x000000075ce00000| Complete 
| 189|0x000000075cf00000, 0x000000075d000000, 0x000000075d000000|100%| E|CS|TAMS 0x000000075cf00000, 0x000000075cf00000| Complete 
| 190|0x000000075d000000, 0x000000075d100000, 0x000000075d100000|100%| E|CS|TAMS 0x000000075d000000, 0x000000075d000000| Complete 
| 191|0x000000075d100000, 0x000000075d200000, 0x000000075d200000|100%| E|CS|TAMS 0x000000075d100000, 0x000000075d100000| Complete 
| 192|0x000000075d200000, 0x000000075d300000, 0x000000075d300000|100%| E|CS|TAMS 0x000000075d200000, 0x000000075d200000| Complete 
| 193|0x000000075d300000, 0x000000075d400000, 0x000000075d400000|100%| E|CS|TAMS 0x000000075d300000, 0x000000075d300000| Complete 
| 194|0x000000075d400000, 0x000000075d500000, 0x000000075d500000|100%| E|CS|TAMS 0x000000075d400000, 0x000000075d400000| Complete 
| 195|0x000000075d500000, 0x000000075d600000, 0x000000075d600000|100%| E|CS|TAMS 0x000000075d500000, 0x000000075d500000| Complete 
| 196|0x000000075d600000, 0x000000075d700000, 0x000000075d700000|100%| E|CS|TAMS 0x000000075d600000, 0x000000075d600000| Complete 
| 197|0x000000075d700000, 0x000000075d800000, 0x000000075d800000|100%| E|CS|TAMS 0x000000075d700000, 0x000000075d700000| Complete 
| 198|0x000000075d800000, 0x000000075d900000, 0x000000075d900000|100%| E|CS|TAMS 0x000000075d800000, 0x000000075d800000| Complete 
| 199|0x000000075d900000, 0x000000075da00000, 0x000000075da00000|100%| E|CS|TAMS 0x000000075d900000, 0x000000075d900000| Complete 
| 200|0x000000075da00000, 0x000000075db00000, 0x000000075db00000|100%| E|CS|TAMS 0x000000075da00000, 0x000000075da00000| Complete 
| 201|0x000000075db00000, 0x000000075dc00000, 0x000000075dc00000|100%| E|CS|TAMS 0x000000075db00000, 0x000000075db00000| Complete 
| 202|0x000000075dc00000, 0x000000075dd00000, 0x000000075dd00000|100%| E|CS|TAMS 0x000000075dc00000, 0x000000075dc00000| Complete 
| 203|0x000000075dd00000, 0x000000075de00000, 0x000000075de00000|100%| E|CS|TAMS 0x000000075dd00000, 0x000000075dd00000| Complete 
| 204|0x000000075de00000, 0x000000075df00000, 0x000000075df00000|100%| E|CS|TAMS 0x000000075de00000, 0x000000075de00000| Complete 
| 205|0x000000075df00000, 0x000000075e000000, 0x000000075e000000|100%| E|CS|TAMS 0x000000075df00000, 0x000000075df00000| Complete 
| 206|0x000000075e000000, 0x000000075e100000, 0x000000075e100000|100%| E|CS|TAMS 0x000000075e000000, 0x000000075e000000| Complete 
| 207|0x000000075e100000, 0x000000075e200000, 0x000000075e200000|100%| E|CS|TAMS 0x000000075e100000, 0x000000075e100000| Complete 
| 208|0x000000075e200000, 0x000000075e300000, 0x000000075e300000|100%| E|CS|TAMS 0x000000075e200000, 0x000000075e200000| Complete 
| 209|0x000000075e300000, 0x000000075e400000, 0x000000075e400000|100%| E|CS|TAMS 0x000000075e300000, 0x000000075e300000| Complete 
| 210|0x000000075e400000, 0x000000075e500000, 0x000000075e500000|100%| E|CS|TAMS 0x000000075e400000, 0x000000075e400000| Complete 
| 211|0x000000075e500000, 0x000000075e600000, 0x000000075e600000|100%| E|CS|TAMS 0x000000075e500000, 0x000000075e500000| Complete 

Card table byte_map: [0x000001ed4eaf0000,0x000001ed4f070000] _byte_map_base: 0x000001ed4b067000

Marking Bits (Prev, Next): (CMBitMap*) 0x000001ed37ed83b8, (CMBitMap*) 0x000001ed37ed83f0
 Prev Bits: [0x000001ed4f5f0000, 0x000001ed521a8000)
 Next Bits: [0x000001ed521b0000, 0x000001ed54d68000)

Polling page: 0x000001ed35c80000

Metaspace:

Usage:
  Non-class:     66.67 MB capacity,    66.21 MB (>99%) used,   347.07 KB ( <1%) free+waste,   122.25 KB ( <1%) overhead. 
      Class:      8.76 MB capacity,     8.41 MB ( 96%) used,   303.86 KB (  3%) free+waste,    53.56 KB ( <1%) overhead. 
       Both:     75.43 MB capacity,    74.62 MB ( 99%) used,   650.93 KB ( <1%) free+waste,   175.81 KB ( <1%) overhead. 

Virtual space:
  Non-class space:       68.00 MB reserved,      66.83 MB ( 98%) committed 
      Class space:        1.00 GB reserved,       8.88 MB ( <1%) committed 
             Both:        1.07 GB reserved,      75.70 MB (  7%) committed 

Chunk freelists:
   Non-Class:  4.62 KB
       Class:  2.62 KB
        Both:  7.25 KB

CodeHeap 'non-profiled nmethods': size=120064Kb used=4631Kb max_used=4631Kb free=115432Kb
 bounds [0x000001ed47030000, 0x000001ed474c0000, 0x000001ed4e570000]
CodeHeap 'profiled nmethods': size=120000Kb used=27987Kb max_used=27987Kb free=92012Kb
 bounds [0x000001ed3fb00000, 0x000001ed41660000, 0x000001ed47030000]
CodeHeap 'non-nmethods': size=5696Kb used=1315Kb max_used=1343Kb free=4380Kb
 bounds [0x000001ed3f570000, 0x000001ed3f7e0000, 0x000001ed3fb00000]
 total_blobs=10404 nmethods=9714 adapters=598
 compilation: enabled
              stopped_count=0, restarted_count=0
 full_count=0

Compilation events (10 events):
Event: 30.654 Thread 0x000001ed57ba6800 9765       3       org.jetbrains.kotlin.ir.util.IrFakeOverrideUtilsKt$resolveFakeOverride$1::invoke (9 bytes)
Event: 30.655 Thread 0x000001ed57ba6800 nmethod 9765 0x000001ed4162c990 code [0x000001ed4162cbc0, 0x000001ed4162d358]
Event: 30.658 Thread 0x000001ed57ba6800 9766       3       org.jetbrains.kotlin.types.AbstractTypeMapper::mapType (34 bytes)
Event: 30.660 Thread 0x000001ed57ba6800 nmethod 9766 0x000001ed4162d610 code [0x000001ed4162d920, 0x000001ed4162e928]
Event: 30.660 Thread 0x000001ed57ba6800 9767       3       org.jetbrains.kotlin.builtins.PrimitiveType$Companion::getByShortName (234 bytes)
Event: 30.663 Thread 0x000001ed57ba6800 nmethod 9767 0x000001ed4162ef10 code [0x000001ed4162f200, 0x000001ed4162ff08]
Event: 30.667 Thread 0x000001ed57ba6800 9768       3       org.jetbrains.kotlin.ir.declarations.lazy.IrLazyFunctionBase$createReceiverParameter$1::invoke (54 bytes)
Event: 30.668 Thread 0x000001ed57ba6800 nmethod 9768 0x000001ed41630290 code [0x000001ed41630460, 0x000001ed416308d8]
Event: 30.673 Thread 0x000001ed57ba6800 9769       3       org.jetbrains.kotlin.ir.declarations.lazy.IrLazyFunctionBase$createReturnType$1::invoke (28 bytes)
Event: 30.674 Thread 0x000001ed57ba6800 nmethod 9769 0x000001ed41630a10 code [0x000001ed41630c40, 0x000001ed41631418]

GC Heap History (10 events):
Event: 10.257 GC heap before
{Heap before GC invocations=7 (full 0):
 garbage-first heap   total 180224K, used 60378K [0x0000000751200000, 0x0000000800000000)
  region size 1024K, 39 young (39936K), 3 survivors (3072K)
 Metaspace       used 43155K, capacity 43576K, committed 43856K, reserved 1087488K
  class space    used 5152K, capacity 5347K, committed 5376K, reserved 1048576K
}
Event: 10.267 GC heap after
{Heap after GC invocations=8 (full 0):
 garbage-first heap   total 180224K, used 26864K [0x0000000751200000, 0x0000000800000000)
  region size 1024K, 5 young (5120K), 5 survivors (5120K)
 Metaspace       used 43155K, capacity 43576K, committed 43856K, reserved 1087488K
  class space    used 5152K, capacity 5347K, committed 5376K, reserved 1048576K
}
Event: 13.198 GC heap before
{Heap before GC invocations=8 (full 0):
 garbage-first heap   total 180224K, used 89328K [0x0000000751200000, 0x0000000800000000)
  region size 1024K, 63 young (64512K), 5 survivors (5120K)
 Metaspace       used 49583K, capacity 50024K, committed 50256K, reserved 1093632K
  class space    used 5831K, capacity 6048K, committed 6144K, reserved 1048576K
}
Event: 13.221 GC heap after
{Heap after GC invocations=9 (full 0):
 garbage-first heap   total 180224K, used 35487K [0x0000000751200000, 0x0000000800000000)
  region size 1024K, 8 young (8192K), 8 survivors (8192K)
 Metaspace       used 49583K, capacity 50024K, committed 50256K, reserved 1093632K
  class space    used 5831K, capacity 6048K, committed 6144K, reserved 1048576K
}
Event: 18.349 GC heap before
{Heap before GC invocations=9 (full 0):
 garbage-first heap   total 180224K, used 102047K [0x0000000751200000, 0x0000000800000000)
  region size 1024K, 73 young (74752K), 8 survivors (8192K)
 Metaspace       used 55567K, capacity 56119K, committed 56400K, reserved 1099776K
  class space    used 6366K, capacity 6624K, committed 6656K, reserved 1048576K
}
Event: 18.388 GC heap after
{Heap after GC invocations=10 (full 0):
 garbage-first heap   total 217088K, used 44695K [0x0000000751200000, 0x0000000800000000)
  region size 1024K, 9 young (9216K), 9 survivors (9216K)
 Metaspace       used 55567K, capacity 56119K, committed 56400K, reserved 1099776K
  class space    used 6366K, capacity 6624K, committed 6656K, reserved 1048576K
}
Event: 20.630 GC heap before
{Heap before GC invocations=10 (full 0):
 garbage-first heap   total 217088K, used 78487K [0x0000000751200000, 0x0000000800000000)
  region size 1024K, 43 young (44032K), 9 survivors (9216K)
 Metaspace       used 59455K, capacity 60055K, committed 60240K, reserved 1101824K
  class space    used 6894K, capacity 7168K, committed 7168K, reserved 1048576K
}
Event: 20.659 GC heap after
{Heap after GC invocations=11 (full 0):
 garbage-first heap   total 217088K, used 48755K [0x0000000751200000, 0x0000000800000000)
  region size 1024K, 4 young (4096K), 4 survivors (4096K)
 Metaspace       used 59455K, capacity 60055K, committed 60240K, reserved 1101824K
  class space    used 6894K, capacity 7168K, committed 7168K, reserved 1048576K
}
Event: 28.198 GC heap before
{Heap before GC invocations=12 (full 0):
 garbage-first heap   total 217088K, used 123507K [0x0000000751200000, 0x0000000800000000)
  region size 1024K, 77 young (78848K), 4 survivors (4096K)
 Metaspace       used 69602K, capacity 70416K, committed 70608K, reserved 1112064K
  class space    used 7878K, capacity 8233K, committed 8320K, reserved 1048576K
}
Event: 28.227 GC heap after
{Heap after GC invocations=13 (full 0):
 garbage-first heap   total 217088K, used 57344K [0x0000000751200000, 0x0000000800000000)
  region size 1024K, 10 young (10240K), 10 survivors (10240K)
 Metaspace       used 69602K, capacity 70416K, committed 70608K, reserved 1112064K
  class space    used 7878K, capacity 8233K, committed 8320K, reserved 1048576K
}

Deoptimization events (10 events):
Event: 29.251 Thread 0x000001ed37e8b000 Uncommon trap: reason=unstable_if action=reinterpret pc=0x000001ed472fed94 method=kotlin.ranges.IntProgressionIterator.<init>(III)V @ 19 c2
Event: 29.284 Thread 0x000001ed37e8b000 Uncommon trap: reason=unstable_if action=reinterpret pc=0x000001ed4724f67c method=kotlin.ranges.IntProgressionIterator.<init>(III)V @ 19 c2
Event: 29.546 Thread 0x000001ed37e8b000 Uncommon trap: reason=bimorphic_or_optimized_type_check action=maybe_recompile pc=0x000001ed47445e9c method=org.jetbrains.kotlin.descriptors.impl.FunctionDescriptorImpl.isOperator()Z @ 44 c2
Event: 29.569 Thread 0x000001ed37e8b000 Uncommon trap: reason=bimorphic_or_optimized_type_check action=maybe_recompile pc=0x000001ed4742904c method=kotlin.collections.CollectionsKt___CollectionsKt.toSet(Ljava/lang/Iterable;)Ljava/util/Set; @ 76 c2
Event: 29.570 Thread 0x000001ed37e8b000 Uncommon trap: reason=bimorphic_or_optimized_type_check action=maybe_recompile pc=0x000001ed4742904c method=kotlin.collections.CollectionsKt___CollectionsKt.toSet(Ljava/lang/Iterable;)Ljava/util/Set; @ 76 c2
Event: 29.881 Thread 0x000001ed37e8b000 Uncommon trap: reason=bimorphic_or_optimized_type_check action=maybe_recompile pc=0x000001ed47445e9c method=org.jetbrains.kotlin.descriptors.impl.FunctionDescriptorImpl.isOperator()Z @ 44 c2
Event: 30.404 Thread 0x000001ed37e8b000 Uncommon trap: reason=speculate_class_check action=maybe_recompile pc=0x000001ed474b1b80 method=org.jetbrains.kotlin.types.KotlinType.getAnnotations()Lorg/jetbrains/kotlin/descriptors/annotations/Annotations; @ 1 c2
Event: 30.404 Thread 0x000001ed37e8b000 Uncommon trap: reason=speculate_class_check action=maybe_recompile pc=0x000001ed474b1b80 method=org.jetbrains.kotlin.types.KotlinType.getAnnotations()Lorg/jetbrains/kotlin/descriptors/annotations/Annotations; @ 1 c2
Event: 30.405 Thread 0x000001ed37e8b000 Uncommon trap: reason=speculate_class_check action=maybe_recompile pc=0x000001ed474b1b80 method=org.jetbrains.kotlin.types.KotlinType.getAnnotations()Lorg/jetbrains/kotlin/descriptors/annotations/Annotations; @ 1 c2
Event: 30.407 Thread 0x000001ed37e8b000 Uncommon trap: reason=speculate_class_check action=maybe_recompile pc=0x000001ed474b1b80 method=org.jetbrains.kotlin.types.KotlinType.getAnnotations()Lorg/jetbrains/kotlin/descriptors/annotations/Annotations; @ 1 c2

Classes redefined (0 events):
No events

Internal exceptions (10 events):
Event: 26.547 Thread 0x000001ed37e8b000 Exception <a 'java/lang/NoSuchMethodError'{0x000000075aa141b0}: java.lang.invoke.DirectMethodHandle$Holder.invokeStatic(Ljava/lang/Object;Ljava/lang/Object;Ljava/lang/Object;IILjava/lang/Object;Ljava/lang/Object;Ljava/lang/Object;)Ljava/lang/Object;> (0x0
Event: 26.550 Thread 0x000001ed37e8b000 Exception <a 'java/lang/NoSuchMethodError'{0x000000075aa1e788}: java.lang.invoke.DirectMethodHandle$Holder.invokeStatic(Ljava/lang/Object;Ljava/lang/Object;Ljava/lang/Object;II)Ljava/lang/Object;> (0x000000075aa1e788) thrown at [./open/src/hotspot/share/i
Event: 26.552 Thread 0x000001ed37e8b000 Exception <a 'java/lang/NoSuchMethodError'{0x000000075aa22010}: java.lang.invoke.DirectMethodHandle$Holder.invokeSpecial(Ljava/lang/Object;Ljava/lang/Object;Ljava/lang/Object;Ljava/lang/Object;II)Ljava/lang/Object;> (0x000000075aa22010) thrown at [./open/
Event: 26.553 Thread 0x000001ed37e8b000 Exception <a 'java/lang/NoSuchMethodError'{0x000000075aa25110}: java.lang.invoke.Invokers$Holder.linkToTargetMethod(Ljava/lang/Object;Ljava/lang/Object;IILjava/lang/Object;)Ljava/lang/Object;> (0x000000075aa25110) thrown at [./open/src/hotspot/share/inter
Event: 26.590 Thread 0x000001ed37e8b000 Exception <a 'java/lang/NoSuchMethodError'{0x000000075aa86b98}: java.lang.invoke.DirectMethodHandle$Holder.invokeStatic(Ljava/lang/Object;Ljava/lang/Object;Ljava/lang/Object;IILjava/lang/Object;Ljava/lang/Object;)Ljava/lang/Object;> (0x000000075aa86b98) t
Event: 26.591 Thread 0x000001ed37e8b000 Exception <a 'java/lang/NoSuchMethodError'{0x000000075aa8a7a8}: java.lang.invoke.DirectMethodHandle$Holder.invokeSpecial(Ljava/lang/Object;Ljava/lang/Object;Ljava/lang/Object;Ljava/lang/Object;IILjava/lang/Object;Ljava/lang/Object;)Ljava/lang/Object;> (0x
Event: 26.591 Thread 0x000001ed37e8b000 Exception <a 'java/lang/NoSuchMethodError'{0x000000075aa8de10}: java.lang.invoke.Invokers$Holder.linkToTargetMethod(Ljava/lang/Object;Ljava/lang/Object;IILjava/lang/Object;Ljava/lang/Object;Ljava/lang/Object;)Ljava/lang/Object;> (0x000000075aa8de10) throw
Event: 27.470 Thread 0x000001ed37e8b000 Exception <a 'java/lang/NoSuchMethodError'{0x0000000759e13628}: java.lang.invoke.DirectMethodHandle$Holder.invokeStatic(Ljava/lang/Object;Ljava/lang/Object;Ljava/lang/Object;IILjava/lang/Object;Ljava/lang/Object;Ljava/lang/Object;Ljava/lang/Object;)Ljava/
Event: 27.472 Thread 0x000001ed37e8b000 Exception <a 'java/lang/NoSuchMethodError'{0x0000000759e1b418}: java.lang.invoke.Invokers$Holder.linkToTargetMethod(Ljava/lang/Object;Ljava/lang/Object;IILjava/lang/Object;Ljava/lang/Object;Ljava/lang/Object;Ljava/lang/Object;Ljava/lang/Object;)Ljava/lang
Event: 27.992 Thread 0x000001ed37e8b000 Implicit null exception at 0x000001ed47097e54 to 0x000001ed47098074

Events (10 events):
Event: 30.405 Thread 0x000001ed37e8b000 Uncommon trap: trap_request=0xffffff6e fr.pc=0x000001ed474b1b80 relative=0x0000000000000120
Event: 30.405 Thread 0x000001ed37e8b000 DEOPT PACKING pc=0x000001ed474b1b80 sp=0x000000334b5fd200
Event: 30.405 Thread 0x000001ed37e8b000 DEOPT UNPACKING pc=0x000001ed3f59682f sp=0x000000334b5fcf70 mode 2
Event: 30.407 Thread 0x000001ed37e8b000 Uncommon trap: trap_request=0xffffff6e fr.pc=0x000001ed474b1b80 relative=0x0000000000000120
Event: 30.407 Thread 0x000001ed37e8b000 DEOPT PACKING pc=0x000001ed474b1b80 sp=0x000000334b5fd200
Event: 30.407 Thread 0x000001ed37e8b000 DEOPT UNPACKING pc=0x000001ed3f59682f sp=0x000000334b5fcf70 mode 2
Event: 30.494 loading class org/jetbrains/kotlin/ir/declarations/lazy/IrLazyTypeParameter$superTypes$2$1
Event: 30.494 loading class org/jetbrains/kotlin/ir/declarations/lazy/IrLazyTypeParameter$superTypes$2$1 done
Event: 30.496 Executing VM operation: ICBufferFull
Event: 30.497 Executing VM operation: ICBufferFull done


Dynamic libraries:
0x00007ff7ceaa0000 - 0x00007ff7ceab0000 	C:\Program Files\Java\jdk-11\bin\java.exe
0x00007ffbe4ad0000 - 0x00007ffbe4cc5000 	C:\Windows\SYSTEM32\ntdll.dll
0x00007ffbe3aa0000 - 0x00007ffbe3b5e000 	C:\Windows\System32\KERNEL32.DLL
0x00007ffbe25c0000 - 0x00007ffbe2889000 	C:\Windows\System32\KERNELBASE.dll
0x00007ffbe2a20000 - 0x00007ffbe2b20000 	C:\Windows\System32\ucrtbase.dll
0x00007ffbc6350000 - 0x00007ffbc636b000 	C:\Program Files\Java\jdk-11\bin\VCRUNTIME140.dll
0x00007ffbca830000 - 0x00007ffbca848000 	C:\Program Files\Java\jdk-11\bin\jli.dll
0x00007ffbe4450000 - 0x00007ffbe44fc000 	C:\Windows\System32\ADVAPI32.dll
0x00007ffbe4030000 - 0x00007ffbe40ce000 	C:\Windows\System32\msvcrt.dll
0x00007ffbe3e60000 - 0x00007ffbe3efb000 	C:\Windows\System32\sechost.dll
0x00007ffbe3f00000 - 0x00007ffbe402a000 	C:\Windows\System32\RPCRT4.dll
0x00007ffbe3c40000 - 0x00007ffbe3de1000 	C:\Windows\System32\USER32.dll
0x00007ffbe2280000 - 0x00007ffbe22a2000 	C:\Windows\System32\win32u.dll
0x00007ffbe46b0000 - 0x00007ffbe46db000 	C:\Windows\System32\GDI32.dll
0x00007ffbe2400000 - 0x00007ffbe250b000 	C:\Windows\System32\gdi32full.dll
0x00007ffbe2360000 - 0x00007ffbe23fd000 	C:\Windows\System32\msvcp_win.dll
0x00007ffbd3b60000 - 0x00007ffbd3dfa000 	C:\Windows\WinSxS\amd64_microsoft.windows.common-controls_6595b64144ccf1df_6.0.19041.1110_none_60b5254171f9507e\COMCTL32.dll
0x00007ffbdab10000 - 0x00007ffbdab1a000 	C:\Windows\SYSTEM32\VERSION.dll
0x00007ffbe2b40000 - 0x00007ffbe2b70000 	C:\Windows\System32\IMM32.DLL
0x00007ffbd98a0000 - 0x00007ffbd98ac000 	C:\Program Files\Java\jdk-11\bin\vcruntime140_1.dll
0x00007ffbab740000 - 0x00007ffbab7ce000 	C:\Program Files\Java\jdk-11\bin\msvcp140.dll
0x00007ffbaabd0000 - 0x00007ffbab738000 	C:\Program Files\Java\jdk-11\bin\server\jvm.dll
0x00007ffbe3a90000 - 0x00007ffbe3a98000 	C:\Windows\System32\PSAPI.DLL
0x00007ffbdd520000 - 0x00007ffbdd529000 	C:\Windows\SYSTEM32\WSOCK32.dll
0x00007ffbe40d0000 - 0x00007ffbe413b000 	C:\Windows\System32\WS2_32.dll
0x00007ffbd8e90000 - 0x00007ffbd8eb7000 	C:\Windows\SYSTEM32\WINMM.dll
0x00007ffbe00f0000 - 0x00007ffbe0102000 	C:\Windows\SYSTEM32\kernel.appcore.dll
0x00007ffbd2f40000 - 0x00007ffbd2f50000 	C:\Program Files\Java\jdk-11\bin\verify.dll
0x00007ffbce820000 - 0x00007ffbcea04000 	C:\Windows\SYSTEM32\DBGHELP.DLL
0x00007ffbce7f0000 - 0x00007ffbce81c000 	C:\Windows\SYSTEM32\dbgcore.DLL
0x00007ffbe21f0000 - 0x00007ffbe2273000 	C:\Windows\System32\bcryptPrimitives.dll
0x00007ffbc57d0000 - 0x00007ffbc57f8000 	C:\Program Files\Java\jdk-11\bin\java.dll
0x00007ffbd2ce0000 - 0x00007ffbd2cea000 	C:\Program Files\Java\jdk-11\bin\jimage.dll
0x00007ffbb3ad0000 - 0x00007ffbb3ae7000 	C:\Program Files\Java\jdk-11\bin\zip.dll
0x00007ffbe3350000 - 0x00007ffbe3a8f000 	C:\Windows\System32\SHELL32.dll
0x00007ffbe02f0000 - 0x00007ffbe0a80000 	C:\Windows\SYSTEM32\windows.storage.dll
0x00007ffbe2b70000 - 0x00007ffbe2ec5000 	C:\Windows\System32\combase.dll
0x00007ffbe1b70000 - 0x00007ffbe1b9c000 	C:\Windows\SYSTEM32\Wldp.dll
0x00007ffbe4810000 - 0x00007ffbe48bd000 	C:\Windows\System32\SHCORE.dll
0x00007ffbe3df0000 - 0x00007ffbe3e45000 	C:\Windows\System32\shlwapi.dll
0x00007ffbe2130000 - 0x00007ffbe214f000 	C:\Windows\SYSTEM32\profapi.dll
0x00007ffbb2150000 - 0x00007ffbb2169000 	C:\Program Files\Java\jdk-11\bin\net.dll
0x00007ffbd47b0000 - 0x00007ffbd48b8000 	C:\Windows\SYSTEM32\WINHTTP.dll
0x00007ffbe18d0000 - 0x00007ffbe193a000 	C:\Windows\system32\mswsock.dll
0x00007ffbb2130000 - 0x00007ffbb2142000 	C:\Program Files\Java\jdk-11\bin\nio.dll

dbghelp: loaded successfully - version: 4.0.5 - missing functions: none
symbol engine: initialized successfully - sym options: 0x614 - pdb path: .;C:\Program Files\Java\jdk-11\bin;C:\Windows\SYSTEM32;C:\Windows\WinSxS\amd64_microsoft.windows.common-controls_6595b64144ccf1df_6.0.19041.1110_none_60b5254171f9507e;C:\Program Files\Java\jdk-11\bin\server

VM Arguments:
java_command: org.jetbrains.kotlin.cli.jvm.K2JVMCompiler @C:\Users\ades\AndroidStudioProjects\Cualivy_Capstone\app\build\20230514_13266196363390804930.compiler.options
java_class_path (initial): C:\Users\ades\.gradle\caches\modules-2\files-2.1\org.jetbrains.kotlin\kotlin-compiler-embeddable\1.8.0\eb9118d4bcceaa2a94b2ae2a33a4ddba7c9a947f\kotlin-compiler-embeddable-1.8.0.jar;C:\Users\ades\.gradle\caches\modules-2\files-2.1\org.jetbrains.kotlin\kotlin-stdlib\1.8.0\1796921c7a3e2e2665a83e6c8d33399336cd39bc\kotlin-stdlib-1.8.0.jar;C:\Users\ades\.gradle\caches\modules-2\files-2.1\org.jetbrains.kotlin\kotlin-script-runtime\1.8.0\b2f7e760d283cb339974851c222a4c1d48f2d3d\kotlin-script-runtime-1.8.0.jar;C:\Users\ades\.gradle\caches\modules-2\files-2.1\org.jetbrains.kotlin\kotlin-reflect\1.6.10\1cbe9c92c12a94eea200d23c2bbaedaf3daf5132\kotlin-reflect-1.6.10.jar;C:\Users\ades\.gradle\caches\modules-2\files-2.1\org.jetbrains.kotlin\kotlin-daemon-embeddable\1.8.0\d255216c551685dc3a7e852b53617f5f01aaaa5c\kotlin-daemon-embeddable-1.8.0.jar;C:\Users\ades\.gradle\caches\modules-2\files-2.1\org.jetbrains.intellij.deps\trove4j\1.0.20200330\3afb14d5f9ceb459d724e907a21145e8ff394f02\trove4j-1.0.20200330.jar;C:\Users\ades\.gradle\caches\modules-2\files-2.1\net.java.dev.jna\jna\5.6.0\330f2244e9030119ab3030fc3fededc86713d9cc\jna-5.6.0.jar;C:\Users\ades\.gradle\caches\modules-2\files-2.1\org.jetbrains.kotlin\kotlin-stdlib-common\1.8.0\f7197e7cc76453ac59f8b0f8d5137cc600becd36\kotlin-stdlib-common-1.8.0.jar;C:\Users\ades\.gradle\caches\modules-2\files-2.1\org.jetbrains\annotations\13.0\919f0dfe192fb4e063e7dacadee7f8bb9a2672a9\annotations-13.0.jar
Launcher Type: SUN_STANDARD

[Global flags]
     intx CICompilerCount                          = 3                                         {product} {ergonomic}
     uint ConcGCThreads                            = 1                                         {product} {ergonomic}
     uint G1ConcRefinementThreads                  = 4                                         {product} {ergonomic}
   size_t G1HeapRegionSize                         = 1048576                                   {product} {ergonomic}
    uintx GCDrainStackTargetSize                   = 64                                        {product} {ergonomic}
   size_t InitialHeapSize                          = 184549376                                 {product} {ergonomic}
   size_t MarkStackSize                            = 4194304                                   {product} {ergonomic}
   size_t MaxHeapSize                              = 2933915648                                {product} {ergonomic}
   size_t MaxNewSize                               = 1759510528                                {product} {ergonomic}
   size_t MinHeapDeltaBytes                        = 1048576                                   {product} {ergonomic}
    uintx NonNMethodCodeHeapSize                   = 5830732                                {pd product} {ergonomic}
    uintx NonProfiledCodeHeapSize                  = 122913754                              {pd product} {ergonomic}
    uintx ProfiledCodeHeapSize                     = 122913754                              {pd product} {ergonomic}
    uintx ReservedCodeCacheSize                    = 251658240                              {pd product} {ergonomic}
     bool SegmentedCodeCache                       = true                                      {product} {ergonomic}
     bool UseCompressedClassPointers               = true                                 {lp64_product} {ergonomic}
     bool UseCompressedOops                        = true                                 {lp64_product} {ergonomic}
     bool UseG1GC                                  = true                                      {product} {ergonomic}
     bool UseLargePagesIndividualAllocation        = false                                  {pd product} {ergonomic}

Logging:
Log output configuration:
 #0: stdout all=warning uptime,level,tags
 #1: stderr all=off uptime,level,tags

Environment Variables:
JAVA_HOME=C:\Program Files\Java\jdk-11
PATH=C:\Program Files\Java\jdk-11\bin;C:\Program Files\Common Files\Oracle\Java\javapath;C:\Windows\system32;C:\Windows;C:\Windows\System32\Wbem;C:\Windows\System32\WindowsPowerShell\v1.0\;C:\Windows\System32\OpenSSH\;C:\Users\ades\AppData\Local\Microsoft\WindowsApps;C:\Users\ades\AppData\Local\Programs\Microsoft VS Code\bin;C:\Users\ades\AppData\Local\GitHubDesktop\bin
USERNAME=ades
OS=Windows_NT
PROCESSOR_IDENTIFIER=AMD64 Family 22 Model 48 Stepping 1, AuthenticAMD



---------------  S Y S T E M  ---------------

OS: Windows 10 , 64 bit Build 19041 (10.0.19041.1202)

CPU:total 4 (initial active 4) (4 cores per cpu, 1 threads per core) family 22 model 48 stepping 1 microcode 0x0, cmov, cx8, fxsr, mmx, sse, sse2, sse3, ssse3, sse4.1, sse4.2, popcnt, avx, aes, clmul, mmxext, 3dnowpref, lzcnt, sse4a, tsc, tscinvbit, tscinv, bmi1

Memory: 4k page, system-wide physical 11186M (1289M free)
TotalPageFile size 11186M (AvailPageFile size 4M)
current process WorkingSet (physical memory assigned to process): 363M, peak: 363M
current process commit charge ("private bytes"): 447M, peak: 448M

vm_info: Java HotSpot(TM) 64-Bit Server VM (11.0.18+9-LTS-195) for windows-amd64 JRE (11.0.18+9-LTS-195), built on Dec  6 2022 15:50:58 by "mach5one" with MS VC++ 17.1 (VS2022)

END.
